=== Sallie-AI Reorg Plan ===
MOVING: assets\src\SallieLogger.js -> src\ai\SallieLogger.js
MOVING: assets\src\ui\SallieInterface.js -> src\ai\SallieInterface.js
MOVING: coverage\app\ai\VoiceInteractionSystem.ts.html -> src\ai\VoiceInteractionSystem.ts.html
MOVING: coverage\lcov-report\app\ai\VoiceInteractionSystem.ts.html -> src\ai\VoiceInteractionSystem.ts.html
MOVING: PerformanceMonitoringSystem.ts -> src\ai\PerformanceMonitoringSystem.ts
MOVING: PredictiveSuggestionsEngine.ts -> src\ai\PredictiveSuggestionsEngine.ts
MOVING: ResearchLearningSystem.ts -> src\ai\ResearchLearningSystem.ts
MOVING: ResearchService.ts -> src\ai\ResearchService.ts
MOVING: SallieInterface.js -> src\ai\SallieInterface.js
MOVING: SallieLogger.js -> src\ai\SallieLogger.js
MOVING: SystemOrchestrator.ts -> src\ai\SystemOrchestrator.ts
MOVING: VisionService.ts -> src\ai\VisionService.ts
MOVING: VoiceInteractionSystem.ts -> src\ai\VoiceInteractionSystem.ts
MOVING: apps\android-launcher\src\src\store\persona.ts -> src\persona\persona.ts
MOVING: coverage\app\store\persona.ts.html -> src\persona\persona.ts.html
MOVING: coverage\lcov-report\app\store\persona.ts.html -> src\persona\persona.ts.html
MOVING: packages\features\features\feature\src\main\kotlin\feature\personality\PersonalityResponseModifier.kt -> src\persona\PersonalityResponseModifier.kt
MOVING: packages\features\features\feature\src\main\kotlin\feature\personality\PersonalityViewModel.kt -> src\persona\PersonalityViewModel.kt
MOVING: persona.ts -> src\persona\persona.ts
MOVING: PersonalityBridge.ts -> src\persona\PersonalityBridge.ts
MOVING: PersonalityEvolutionChart.tsx -> src\persona\PersonalityEvolutionChart.tsx
MOVING: PersonalityResponseModifier.kt -> src\persona\PersonalityResponseModifier.kt
MOVING: PersonalityViewModel.kt -> src\persona\PersonalityViewModel.kt
MOVING: personaProfiles.json -> src\persona\personaProfiles.json
MOVING: sallie-persona.ts -> src\persona\sallie-persona.ts
MOVING: coverage\app\components\EnhancedSallieAvatar.tsx.html -> src\ui\components\EnhancedSallieAvatar.tsx.html
MOVING: coverage\app\components\EnhancedSallieOverlay.tsx.html -> src\ui\components\EnhancedSallieOverlay.tsx.html
MOVING: coverage\app\components\SallieAvatar.tsx.html -> src\ui\components\SallieAvatar.tsx.html
MOVING: coverage\app\components\SallieOverlay.tsx.html -> src\ui\components\SallieOverlay.tsx.html
MOVING: coverage\components\ProgressBarAnimated.tsx.html -> src\ui\components\ProgressBarAnimated.tsx.html
MOVING: coverage\lcov-report\app\components\EnhancedSallieAvatar.tsx.html -> src\ui\components\EnhancedSallieAvatar.tsx.html
MOVING: coverage\lcov-report\app\components\EnhancedSallieOverlay.tsx.html -> src\ui\components\EnhancedSallieOverlay.tsx.html
MOVING: coverage\lcov-report\app\components\SallieAvatar.tsx.html -> src\ui\components\SallieAvatar.tsx.html
MOVING: coverage\lcov-report\app\components\SallieOverlay.tsx.html -> src\ui\components\SallieOverlay.tsx.html
MOVING: coverage\lcov-report\components\ProgressBarAnimated.tsx.html -> src\ui\components\ProgressBarAnimated.tsx.html
MOVING: EnhancedSallieAvatar.tsx -> src\ui\components\EnhancedSallieAvatar.tsx
MOVING: EnhancedSallieOverlay.tsx -> src\ui\components\EnhancedSallieOverlay.tsx
MOVING: PersonaVisualization.vue -> src\ui\components\PersonaVisualization.vue
MOVING: PlatformEnhancements.tsx -> src\ui\components\PlatformEnhancements.tsx
MOVING: ProgressBarAnimated.tsx -> src\ui\components\ProgressBarAnimated.tsx
MOVING: SallieAvatar.tsx -> src\ui\components\SallieAvatar.tsx
MOVING: SallieMoodVisualizer.tsx -> src\ui\components\SallieMoodVisualizer.tsx
MOVING: SallieOverlay.tsx -> src\ui\components\SallieOverlay.tsx
MOVING: SallieThemeCreator.tsx -> src\ui\components\SallieThemeCreator.tsx
MOVING: apps\android-launcher\src\src\screens\SettingsScreen.tsx -> src\ui\screens\SettingsScreen.tsx
MOVING: coverage\app\screens\NotificationSettingsScreen.tsx.html -> src\ui\screens\NotificationSettingsScreen.tsx.html
MOVING: coverage\app\screens\SettingsScreen.tsx.html -> src\ui\screens\SettingsScreen.tsx.html
MOVING: coverage\lcov-report\app\screens\NotificationSettingsScreen.tsx.html -> src\ui\screens\NotificationSettingsScreen.tsx.html
MOVING: coverage\lcov-report\app\screens\SettingsScreen.tsx.html -> src\ui\screens\SettingsScreen.tsx.html
MOVING: NotificationSettingsScreen.tsx -> src\ui\screens\NotificationSettingsScreen.tsx
MOVING: PhoneControlDashboard.tsx -> src\ui\screens\PhoneControlDashboard.tsx
MOVING: SallieCoreScreen.tsx -> src\ui\screens\SallieCoreScreen.tsx
MOVING: SallieCoreScreen.vue -> src\ui\screens\SallieCoreScreen.vue
MOVING: SettingsScreen.tsx -> src\ui\screens\SettingsScreen.tsx
MOVING: SystemControlPanel.tsx -> src\ui\screens\SystemControlPanel.tsx
MOVING: .vscode\settings.json -> src\config\settings.json
MOVING: apps\android-launcher\src\src\store\theme.ts -> src\config\theme.ts
MOVING: coverage\app\store\theme.ts.html -> src\config\theme.ts.html
MOVING: coverage\lcov-report\app\store\theme.ts.html -> src\config\theme.ts.html
MOVING: packages\common\constants\theme.ts -> src\config\theme.ts
MOVING: packages\features\onboarding\.config\eas-cli-nodejs\user-settings.json -> src\config\user-settings.json
MOVING: settings.json -> src\config\settings.json
MOVING: theme.ts -> src\config\theme.ts
MOVING: themeGenerator.ts -> src\config\themeGenerator.ts
MOVING: user-settings.json -> src\config\user-settings.json
MOVING: packages\persona\tone\toneMap.json -> assets\data\toneMap.json
MOVING: toneMap.json -> assets\data\toneMap.json
MOVING: valuesMap.json -> assets\data\valuesMap.json
=== End ===
