=== Sallie-AI Reorg Plan ===
PLAN: assets\src\SallieLogger.js -> src\ai\SallieLogger.js
PLAN: assets\src\ui\SallieInterface.js -> src\ai\SallieInterface.js
PLAN: coverage\app\ai\VoiceInteractionSystem.ts.html -> src\ai\VoiceInteractionSystem.ts.html
PLAN: coverage\lcov-report\app\ai\VoiceInteractionSystem.ts.html -> src\ai\VoiceInteractionSystem.ts.html
PLAN: PerformanceMonitoringSystem.ts -> src\ai\PerformanceMonitoringSystem.ts
PLAN: PredictiveSuggestionsEngine.ts -> src\ai\PredictiveSuggestionsEngine.ts
PLAN: ResearchLearningSystem.ts -> src\ai\ResearchLearningSystem.ts
PLAN: ResearchService.ts -> src\ai\ResearchService.ts
PLAN: SallieInterface.js -> src\ai\SallieInterface.js
PLAN: SallieLogger.js -> src\ai\SallieLogger.js
PLAN: SystemOrchestrator.ts -> src\ai\SystemOrchestrator.ts
PLAN: VisionService.ts -> src\ai\VisionService.ts
PLAN: VoiceInteractionSystem.ts -> src\ai\VoiceInteractionSystem.ts
PLAN: apps\android-launcher\src\src\store\persona.ts -> src\persona\persona.ts
PLAN: coverage\app\store\persona.ts.html -> src\persona\persona.ts.html
PLAN: coverage\lcov-report\app\store\persona.ts.html -> src\persona\persona.ts.html
PLAN: packages\features\features\feature\src\main\kotlin\feature\personality\PersonalityResponseModifier.kt -> src\persona\PersonalityResponseModifier.kt
PLAN: packages\features\features\feature\src\main\kotlin\feature\personality\PersonalityViewModel.kt -> src\persona\PersonalityViewModel.kt
PLAN: persona.ts -> src\persona\persona.ts
PLAN: PersonalityBridge.ts -> src\persona\PersonalityBridge.ts
PLAN: PersonalityEvolutionChart.tsx -> src\persona\PersonalityEvolutionChart.tsx
PLAN: PersonalityResponseModifier.kt -> src\persona\PersonalityResponseModifier.kt
PLAN: PersonalityViewModel.kt -> src\persona\PersonalityViewModel.kt
PLAN: personaProfiles.json -> src\persona\personaProfiles.json
PLAN: sallie-persona.ts -> src\persona\sallie-persona.ts
PLAN: coverage\app\components\EnhancedSallieAvatar.tsx.html -> src\ui\components\EnhancedSallieAvatar.tsx.html
PLAN: coverage\app\components\EnhancedSallieOverlay.tsx.html -> src\ui\components\EnhancedSallieOverlay.tsx.html
PLAN: coverage\app\components\SallieAvatar.tsx.html -> src\ui\components\SallieAvatar.tsx.html
PLAN: coverage\app\components\SallieOverlay.tsx.html -> src\ui\components\SallieOverlay.tsx.html
PLAN: coverage\components\ProgressBarAnimated.tsx.html -> src\ui\components\ProgressBarAnimated.tsx.html
PLAN: coverage\lcov-report\app\components\EnhancedSallieAvatar.tsx.html -> src\ui\components\EnhancedSallieAvatar.tsx.html
PLAN: coverage\lcov-report\app\components\EnhancedSallieOverlay.tsx.html -> src\ui\components\EnhancedSallieOverlay.tsx.html
PLAN: coverage\lcov-report\app\components\SallieAvatar.tsx.html -> src\ui\components\SallieAvatar.tsx.html
PLAN: coverage\lcov-report\app\components\SallieOverlay.tsx.html -> src\ui\components\SallieOverlay.tsx.html
PLAN: coverage\lcov-report\components\ProgressBarAnimated.tsx.html -> src\ui\components\ProgressBarAnimated.tsx.html
PLAN: EnhancedSallieAvatar.tsx -> src\ui\components\EnhancedSallieAvatar.tsx
PLAN: EnhancedSallieOverlay.tsx -> src\ui\components\EnhancedSallieOverlay.tsx
PLAN: PersonaVisualization.vue -> src\ui\components\PersonaVisualization.vue
PLAN: PlatformEnhancements.tsx -> src\ui\components\PlatformEnhancements.tsx
PLAN: ProgressBarAnimated.tsx -> src\ui\components\ProgressBarAnimated.tsx
PLAN: SallieAvatar.tsx -> src\ui\components\SallieAvatar.tsx
PLAN: SallieMoodVisualizer.tsx -> src\ui\components\SallieMoodVisualizer.tsx
PLAN: SallieOverlay.tsx -> src\ui\components\SallieOverlay.tsx
PLAN: SallieThemeCreator.tsx -> src\ui\components\SallieThemeCreator.tsx
PLAN: apps\android-launcher\src\src\screens\SettingsScreen.tsx -> src\ui\screens\SettingsScreen.tsx
PLAN: coverage\app\screens\NotificationSettingsScreen.tsx.html -> src\ui\screens\NotificationSettingsScreen.tsx.html
PLAN: coverage\app\screens\SettingsScreen.tsx.html -> src\ui\screens\SettingsScreen.tsx.html
PLAN: coverage\lcov-report\app\screens\NotificationSettingsScreen.tsx.html -> src\ui\screens\NotificationSettingsScreen.tsx.html
PLAN: coverage\lcov-report\app\screens\SettingsScreen.tsx.html -> src\ui\screens\SettingsScreen.tsx.html
PLAN: NotificationSettingsScreen.tsx -> src\ui\screens\NotificationSettingsScreen.tsx
PLAN: PhoneControlDashboard.tsx -> src\ui\screens\PhoneControlDashboard.tsx
PLAN: SallieCoreScreen.tsx -> src\ui\screens\SallieCoreScreen.tsx
PLAN: SallieCoreScreen.vue -> src\ui\screens\SallieCoreScreen.vue
PLAN: SettingsScreen.tsx -> src\ui\screens\SettingsScreen.tsx
PLAN: SystemControlPanel.tsx -> src\ui\screens\SystemControlPanel.tsx
PLAN: .vscode\settings.json -> src\config\settings.json
PLAN: apps\android-launcher\src\src\store\theme.ts -> src\config\theme.ts
PLAN: coverage\app\store\theme.ts.html -> src\config\theme.ts.html
PLAN: coverage\lcov-report\app\store\theme.ts.html -> src\config\theme.ts.html
PLAN: packages\common\constants\theme.ts -> src\config\theme.ts
PLAN: packages\features\onboarding\.config\eas-cli-nodejs\user-settings.json -> src\config\user-settings.json
PLAN: settings.json -> src\config\settings.json
PLAN: theme.ts -> src\config\theme.ts
PLAN: themeGenerator.ts -> src\config\themeGenerator.ts
PLAN: user-settings.json -> src\config\user-settings.json
PLAN: packages\persona\tone\toneMap.json -> assets\data\toneMap.json
PLAN: toneMap.json -> assets\data\toneMap.json
PLAN: valuesMap.json -> assets\data\valuesMap.json
=== End ===
